# JRE version: OpenJDK Runtime Environment (8.0_202-b03) (build 1.8.0_202-release-1483-b03)
# Java VM: OpenJDK 64-Bit Server VM (25.202-b03 mixed mode windows-amd64 compressed oops)
Heap:
 PSYoungGen      total 150528K, used 86167K [0x00000000e0000000, 0x00000000ea680000, 0x0000000100000000)
  eden space 137728K, 53% used [0x00000000e0000000,0x00000000e47a6570,0x00000000e8680000)
  from space 12800K, 99% used [0x00000000e9500000,0x00000000ea17fa08,0x00000000ea180000)
  to   space 5120K, 0% used [0x00000000ea180000,0x00000000ea180000,0x00000000ea680000)
 ParOldGen       total 119808K, used 37213K [0x00000000a0000000, 0x00000000a7500000, 0x00000000e0000000)
  object space 119808K, 31% used [0x00000000a0000000,0x00000000a24577d8,0x00000000a7500000)
 Metaspace       used 67984K, capacity 70194K, committed 70360K, reserved 1110016K
  class space    used 8863K, capacity 9348K, committed 9472K, reserved 1048576K
GC Heap History (10 events):
Event: 25.466 GC heap before
{Heap before GC invocations=14 (full 2):
 PSYoungGen      total 99328K, used 99318K [0x00000000e0000000, 0x00000000e8b80000, 0x0000000100000000)
  eden space 89088K, 100% used [0x00000000e0000000,0x00000000e5700000,0x00000000e5700000)
  from space 10240K, 99% used [0x00000000e5700000,0x00000000e60fd8e8,0x00000000e6100000)
  to   space 12288K, 0% used [0x00000000e7f80000,0x00000000e7f80000,0x00000000e8b80000)
 ParOldGen       total 81408K, used 20086K [0x00000000a0000000, 0x00000000a4f80000, 0x00000000e0000000)
  object space 81408K, 24% used [0x00000000a0000000,0x00000000a139d8c8,0x00000000a4f80000)
 Metaspace       used 50681K, capacity 51956K, committed 52184K, reserved 1093632K
  class space    used 6808K, capacity 7095K, committed 7168K, reserved 1048576K
Event: 25.489 GC heap after
Heap after GC invocations=14 (full 2):
 PSYoungGen      total 129536K, used 10193K [0x00000000e0000000, 0x00000000e8b80000, 0x0000000100000000)
  eden space 117248K, 0% used [0x00000000e0000000,0x00000000e0000000,0x00000000e7280000)
  from space 12288K, 82% used [0x00000000e7f80000,0x00000000e8974498,0x00000000e8b80000)
  to   space 12800K, 0% used [0x00000000e7280000,0x00000000e7280000,0x00000000e7f00000)
 ParOldGen       total 81408K, used 25334K [0x00000000a0000000, 0x00000000a4f80000, 0x00000000e0000000)
  object space 81408K, 31% used [0x00000000a0000000,0x00000000a18bd900,0x00000000a4f80000)
 Metaspace       used 50681K, capacity 51956K, committed 52184K, reserved 1093632K
  class space    used 6808K, capacity 7095K, committed 7168K, reserved 1048576K
}
Event: 27.767 GC heap before
{Heap before GC invocations=15 (full 2):
 PSYoungGen      total 129536K, used 95548K [0x00000000e0000000, 0x00000000e8b80000, 0x0000000100000000)
  eden space 117248K, 72% used [0x00000000e0000000,0x00000000e535ae60,0x00000000e7280000)
  from space 12288K, 82% used [0x00000000e7f80000,0x00000000e8974498,0x00000000e8b80000)
  to   space 12800K, 0% used [0x00000000e7280000,0x00000000e7280000,0x00000000e7f00000)
 ParOldGen       total 81408K, used 25334K [0x00000000a0000000, 0x00000000a4f80000, 0x00000000e0000000)
  object space 81408K, 31% used [0x00000000a0000000,0x00000000a18bd900,0x00000000a4f80000)
 Metaspace       used 57416K, capacity 58946K, committed 59028K, reserved 1099776K
  class space    used 7754K, capacity 8124K, committed 8192K, reserved 1048576K
Event: 27.823 GC heap after
Heap after GC invocations=15 (full 2):
 PSYoungGen      total 130048K, used 9061K [0x00000000e0000000, 0x00000000eb280000, 0x0000000100000000)
  eden space 117248K, 0% used [0x00000000e0000000,0x00000000e0000000,0x00000000e7280000)
  from space 12800K, 70% used [0x00000000e7280000,0x00000000e7b59628,0x00000000e7f00000)
  to   space 12800K, 0% used [0x00000000ea600000,0x00000000ea600000,0x00000000eb280000)
 ParOldGen       total 81408K, used 30052K [0x00000000a0000000, 0x00000000a4f80000, 0x00000000e0000000)
  object space 81408K, 36% used [0x00000000a0000000,0x00000000a1d59280,0x00000000a4f80000)
 Metaspace       used 57416K, capacity 58946K, committed 59028K, reserved 1099776K
  class space    used 7754K, capacity 8124K, committed 8192K, reserved 1048576K
}
Event: 27.823 GC heap before
{Heap before GC invocations=16 (full 3):
 PSYoungGen      total 130048K, used 9061K [0x00000000e0000000, 0x00000000eb280000, 0x0000000100000000)
  eden space 117248K, 0% used [0x00000000e0000000,0x00000000e0000000,0x00000000e7280000)
  from space 12800K, 70% used [0x00000000e7280000,0x00000000e7b59628,0x00000000e7f00000)
  to   space 12800K, 0% used [0x00000000ea600000,0x00000000ea600000,0x00000000eb280000)
 ParOldGen       total 81408K, used 30052K [0x00000000a0000000, 0x00000000a4f80000, 0x00000000e0000000)
  object space 81408K, 36% used [0x00000000a0000000,0x00000000a1d59280,0x00000000a4f80000)
 Metaspace       used 57416K, capacity 58946K, committed 59028K, reserved 1099776K
  class space    used 7754K, capacity 8124K, committed 8192K, reserved 1048576K
Event: 28.174 GC heap after
Heap after GC invocations=16 (full 3):
 PSYoungGen      total 130048K, used 0K [0x00000000e0000000, 0x00000000eb280000, 0x0000000100000000)
  eden space 117248K, 0% used [0x00000000e0000000,0x00000000e0000000,0x00000000e7280000)
  from space 12800K, 0% used [0x00000000e7280000,0x00000000e7280000,0x00000000e7f00000)
  to   space 12800K, 0% used [0x00000000ea600000,0x00000000ea600000,0x00000000eb280000)
 ParOldGen       total 119808K, used 33137K [0x00000000a0000000, 0x00000000a7500000, 0x00000000e0000000)
  object space 119808K, 27% used [0x00000000a0000000,0x00000000a205c450,0x00000000a7500000)
 Metaspace       used 57416K, capacity 58946K, committed 59028K, reserved 1099776K
  class space    used 7754K, capacity 8124K, committed 8192K, reserved 1048576K
}
Event: 3442.647 GC heap before
{Heap before GC invocations=17 (full 3):
 PSYoungGen      total 130048K, used 117248K [0x00000000e0000000, 0x00000000eb280000, 0x0000000100000000)
  eden space 117248K, 100% used [0x00000000e0000000,0x00000000e7280000,0x00000000e7280000)
  from space 12800K, 0% used [0x00000000e7280000,0x00000000e7280000,0x00000000e7f00000)
  to   space 12800K, 0% used [0x00000000ea600000,0x00000000ea600000,0x00000000eb280000)
 ParOldGen       total 119808K, used 33137K [0x00000000a0000000, 0x00000000a7500000, 0x00000000e0000000)
  object space 119808K, 27% used [0x00000000a0000000,0x00000000a205c450,0x00000000a7500000)
 Metaspace       used 63383K, capacity 65280K, committed 65624K, reserved 1105920K
  class space    used 8356K, capacity 8769K, committed 8832K, reserved 1048576K
Event: 3442.985 GC heap after
Heap after GC invocations=17 (full 3):
 PSYoungGen      total 150016K, used 8005K [0x00000000e0000000, 0x00000000eae00000, 0x0000000100000000)
  eden space 141824K, 0% used [0x00000000e0000000,0x00000000e0000000,0x00000000e8a80000)
  from space 8192K, 97% used [0x00000000ea600000,0x00000000eadd1450,0x00000000eae00000)
  to   space 12800K, 0% used [0x00000000e9500000,0x00000000e9500000,0x00000000ea180000)
 ParOldGen       total 119808K, used 33145K [0x00000000a0000000, 0x00000000a7500000, 0x00000000e0000000)
  object space 119808K, 27% used [0x00000000a0000000,0x00000000a205e450,0x00000000a7500000)
 Metaspace       used 63383K, capacity 65280K, committed 65624K, reserved 1105920K
  class space    used 8356K, capacity 8769K, committed 8832K, reserved 1048576K
}
Event: 5877.643 GC heap before
{Heap before GC invocations=18 (full 3):
 PSYoungGen      total 150016K, used 149829K [0x00000000e0000000, 0x00000000eae00000, 0x0000000100000000)
  eden space 141824K, 100% used [0x00000000e0000000,0x00000000e8a80000,0x00000000e8a80000)
  from space 8192K, 97% used [0x00000000ea600000,0x00000000eadd1450,0x00000000eae00000)
  to   space 12800K, 0% used [0x00000000e9500000,0x00000000e9500000,0x00000000ea180000)
 ParOldGen       total 119808K, used 33145K [0x00000000a0000000, 0x00000000a7500000, 0x00000000e0000000)
  object space 119808K, 27% used [0x00000000a0000000,0x00000000a205e450,0x00000000a7500000)
 Metaspace       used 66004K, capacity 68058K, committed 68184K, reserved 1107968K
  class space    used 8628K, capacity 9062K, committed 9088K, reserved 1048576K
Event: 5877.769 GC heap after
Heap after GC invocations=18 (full 3):
 PSYoungGen      total 150528K, used 12798K [0x00000000e0000000, 0x00000000ea680000, 0x0000000100000000)
  eden space 137728K, 0% used [0x00000000e0000000,0x00000000e0000000,0x00000000e8680000)
  from space 12800K, 99% used [0x00000000e9500000,0x00000000ea17fa08,0x00000000ea180000)
  to   space 5120K, 0% used [0x00000000ea180000,0x00000000ea180000,0x00000000ea680000)
 ParOldGen       total 119808K, used 37213K [0x00000000a0000000, 0x00000000a7500000, 0x00000000e0000000)
  object space 119808K, 31% used [0x00000000a0000000,0x00000000a24577d8,0x00000000a7500000)
 Metaspace       used 66004K, capacity 68058K, committed 68184K, reserved 1107968K
  class space    used 8628K, capacity 9062K, committed 9088K, reserved 1048576K
}

